\BOOKMARK [0][-]{chapter*.2}{List of Figures}{}% 1
\BOOKMARK [0][-]{chapter*.3}{List of Tables}{}% 2
\BOOKMARK [0][-]{chapter*.4}{Glossary}{}% 3
\BOOKMARK [0][-]{chapter.1}{Introduction}{}% 4
\BOOKMARK [1][-]{section.1.1}{Summary}{chapter.1}% 5
\BOOKMARK [1][-]{section.1.2}{Gene regulation in prokaryotes: a historical perspective}{chapter.1}% 6
\BOOKMARK [2][-]{subsection.1.2.1}{Why do prokaryotes regulate their genomes?}{section.1.2}% 7
\BOOKMARK [2][-]{subsection.1.2.2}{Model organisms to study gene regulatory systems}{section.1.2}% 8
\BOOKMARK [2][-]{subsection.1.2.3}{Prokaryotic gene regulatory mechanisms}{section.1.2}% 9
\BOOKMARK [2][-]{subsection.1.2.4}{Discovery of regulatory interactions}{section.1.2}% 10
\BOOKMARK [2][-]{subsection.1.2.5}{Canonical genetic control modules}{section.1.2}% 11
\BOOKMARK [1][-]{section.1.3}{Networks in biology}{chapter.1}% 12
\BOOKMARK [2][-]{subsection.1.3.1}{Gene regulatory networks \(GRNs\)}{section.1.3}% 13
\BOOKMARK [2][-]{subsection.1.3.2}{Discovery and Inference of GRNs}{section.1.3}% 14
\BOOKMARK [1][-]{section.1.4}{Systems-level view of gene regulatory organization}{chapter.1}% 15
\BOOKMARK [2][-]{subsection.1.4.1}{Network Motifs}{section.1.4}% 16
\BOOKMARK [2][-]{subsection.1.4.2}{Regulatory Logic}{section.1.4}% 17
\BOOKMARK [2][-]{subsection.1.4.3}{Beyond the operon and regulon}{section.1.4}% 18
\BOOKMARK [1][-]{section.1.5}{Chapter Organization}{chapter.1}% 19
\BOOKMARK [0][-]{chapter.2}{Computational approaches to reconstruct gene regulatory networks}{}% 20
\BOOKMARK [1][-]{section.2.1}{Summary}{chapter.2}% 21
\BOOKMARK [1][-]{section.2.2}{Existing computational approaches}{chapter.2}% 22
\BOOKMARK [2][-]{subsection.2.2.1}{Integrated biclustering using cMonkey}{section.2.2}% 23
\BOOKMARK [2][-]{subsection.2.2.2}{Assignment of putative regulators and influence using Inferelator}{section.2.2}% 24
\BOOKMARK [2][-]{subsection.2.2.3}{Ensemble methods to decrease model variance}{section.2.2}% 25
\BOOKMARK [1][-]{section.2.3}{EGRIN 2.0}{chapter.2}% 26
\BOOKMARK [2][-]{subsection.2.3.1}{Background and motivation}{section.2.3}% 27
\BOOKMARK [2][-]{subsection.2.3.2}{Experimental Data}{section.2.3}% 28
\BOOKMARK [2][-]{subsection.2.3.3}{EGRIN 2.0: an ensemble of EGRINs, generation and statistical mining}{section.2.3}% 29
\BOOKMARK [2][-]{subsection.2.3.4}{Clustering of cis-regulatory motifs to identify GREs}{section.2.3}% 30
\BOOKMARK [2][-]{subsection.2.3.5}{Genome-wide scanning of motifs to obtain GRE locations}{section.2.3}% 31
\BOOKMARK [2][-]{subsection.2.3.6}{Detection of co-regulated modules \(corems\) by community detection}{section.2.3}% 32
\BOOKMARK [1][-]{section.2.4}{Model Evaluation}{chapter.2}% 33
\BOOKMARK [2][-]{subsection.2.4.1}{Comparison with other module detection algorithms}{section.2.4}% 34
\BOOKMARK [2][-]{subsection.2.4.2}{Convergence and stability of inferred GRNs}{section.2.4}% 35
\BOOKMARK [2][-]{subsection.2.4.3}{Confirmation of corems in an independent data set}{section.2.4}% 36
\BOOKMARK [1][-]{section.2.5}{Model Validation}{chapter.2}% 37
\BOOKMARK [2][-]{subsection.2.5.1}{Data For Model Validation}{section.2.5}% 38
\BOOKMARK [2][-]{subsection.2.5.2}{Computational Methods for Model Validation}{section.2.5}% 39
\BOOKMARK [2][-]{subsection.2.5.3}{Global validation of GREs predicted by EGRIN 2.0}{section.2.5}% 40
\BOOKMARK [2][-]{subsection.2.5.4}{Global validation of regulatory interactions predicted by EGRIN 2.0}{section.2.5}% 41
\BOOKMARK [2][-]{subsection.2.5.5}{Validation of condition-specific operon isoforms by tiling array transcriptome measurements}{section.2.5}% 42
\BOOKMARK [2][-]{subsection.2.5.6}{Gene-gene co-fitness correlations in corems}{section.2.5}% 43
\BOOKMARK [0][-]{chapter.3}{A systems-level model of the microbial regulatory genome}{}% 44
\BOOKMARK [1][-]{section.3.1}{Summary}{chapter.3}% 45
\BOOKMARK [1][-]{section.3.2}{Introduction}{chapter.3}% 46
\BOOKMARK [1][-]{section.3.3}{Results}{chapter.3}% 47
\BOOKMARK [2][-]{subsection.3.3.1}{Construction of EGRIN 2.0}{section.3.3}% 48
\BOOKMARK [2][-]{subsection.3.3.2}{EGRIN 2.0 discovers experimentally characterized regulatory mechanisms}{section.3.3}% 49
\BOOKMARK [2][-]{subsection.3.3.3}{Corems model genes with similar effects on organismal fitness}{section.3.3}% 50
\BOOKMARK [2][-]{subsection.3.3.4}{EGRIN 2.0 predicts detailed organization and context-specific importance of GREs in gene promoters}{section.3.3}% 51
\BOOKMARK [2][-]{subsection.3.3.5}{Conditionally active GREs within each promoter reorganize gene memberships within corems}{section.3.3}% 52
\BOOKMARK [2][-]{subsection.3.3.6}{Conditionally active GREs within operons generate multiple, overlapping, and differentially regulated transcript isoforms}{section.3.3}% 53
\BOOKMARK [2][-]{subsection.3.3.7}{Some TFs act similarly across certain environments to co-regulate functionally-related subsets of genes across their respective regulons}{section.3.3}% 54
\BOOKMARK [1][-]{section.3.4}{Discussion}{chapter.3}% 55
\BOOKMARK [0][-]{chapter.4}{Evolution of gene regulatory networks in prokaryotes}{}% 56
\BOOKMARK [1][-]{section.4.1}{Summary}{chapter.4}% 57
\BOOKMARK [1][-]{section.4.2}{Introduction}{chapter.4}% 58
\BOOKMARK [1][-]{section.4.3}{Types of adaptations and associated mechanisms}{chapter.4}% 59
\BOOKMARK [2][-]{subsection.4.3.1}{What is adaptation?}{section.4.3}% 60
\BOOKMARK [2][-]{subsection.4.3.2}{Adaptation to linked environmental changes: general stress response or anticipatory behavior?}{section.4.3}% 61
\BOOKMARK [1][-]{section.4.4}{Role of the environment in shaping GRN evolution: time matters}{chapter.4}% 62
\BOOKMARK [2][-]{subsection.4.4.1}{Long-term adaptation}{section.4.4}% 63
\BOOKMARK [2][-]{subsection.4.4.2}{Short-term adaptation}{section.4.4}% 64
\BOOKMARK [1][-]{section.4.5}{Adaptation through rewiring GRNs}{chapter.4}% 65
\BOOKMARK [1][-]{section.4.6}{Evolution of Gene Regulatory Networks \(GRNs\)}{chapter.4}% 66
\BOOKMARK [0][-]{chapter.5}{Conclusions, Perspectives, and Future Directions}{}% 67
\BOOKMARK [1][-]{section.5.1}{Summary}{chapter.5}% 68
\BOOKMARK [1][-]{section.5.2}{Systems approaches to investigate GRN evolution}{chapter.5}% 69
\BOOKMARK [2][-]{subsection.5.2.1}{Current limitations}{section.5.2}% 70
\BOOKMARK [2][-]{subsection.5.2.2}{Experimental challenges and opportunities}{section.5.2}% 71
\BOOKMARK [1][-]{section.5.3}{Inference, visualization, and dissemination of GRNs}{chapter.5}% 72
\BOOKMARK [2][-]{subsection.5.3.1}{Challenges and opportunities: GRN inference}{section.5.3}% 73
\BOOKMARK [2][-]{subsection.5.3.2}{Challenges and opportunities: GRN visualization and dissemination}{section.5.3}% 74
\BOOKMARK [1][-]{section.5.4}{Towards a dynamical interpretation of genetic co-regulation: what do corems mean?}{chapter.5}% 75
\BOOKMARK [1][-]{section.5.5}{Beyond the GRN}{chapter.5}% 76
\BOOKMARK [0][-]{chapter*.139}{Bibliography}{}% 77
\BOOKMARK [0][-]{appendix.A}{Macromolecular networks and intelligence in microorganisms}{}% 78
\BOOKMARK [1][-]{section.A.1}{Abstract}{appendix.A}% 79
\BOOKMARK [1][-]{section.A.2}{Introduction}{appendix.A}% 80
\BOOKMARK [2][-]{subsection.A.2.1}{What is ``intelligence''?}{section.A.2}% 81
\BOOKMARK [2][-]{subsection.A.2.2}{How does intelligence emerge?}{section.A.2}% 82
\BOOKMARK [1][-]{section.A.3}{Systems biology of intelligence: reconstructing the emergence of intelligence from component properties of the system}{appendix.A}% 83
\BOOKMARK [1][-]{section.A.4}{Manifestations of intelligence in the microbial world}{appendix.A}% 84
\BOOKMARK [2][-]{subsection.A.4.1}{Decision-making}{section.A.4}% 85
\BOOKMARK [2][-]{subsection.A.4.2}{Robust adaptation}{section.A.4}% 86
\BOOKMARK [2][-]{subsection.A.4.3}{Association and anticipation}{section.A.4}% 87
\BOOKMARK [2][-]{subsection.A.4.4}{Associative learning in protozoa}{section.A.4}% 88
\BOOKMARK [2][-]{subsection.A.4.5}{Quorum sensing and self-awareness in microbial populations and communities}{section.A.4}% 89
\BOOKMARK [2][-]{subsection.A.4.6}{Problem solving}{section.A.4}% 90
\BOOKMARK [1][-]{section.A.5}{Learning from intelligence in the microbial world}{appendix.A}% 91
\BOOKMARK [2][-]{subsection.A.5.1}{A deeper understanding of the microbial world}{section.A.5}% 92
\BOOKMARK [2][-]{subsection.A.5.2}{Microbial vs. human intelligence}{section.A.5}% 93
\BOOKMARK [2][-]{subsection.A.5.3}{The way forward}{section.A.5}% 94
\BOOKMARK [0][-]{appendix.B}{iGBweb: an interactive genome browser for the web}{}% 95
\BOOKMARK [1][-]{section.B.1}{Abstract}{appendix.B}% 96
\BOOKMARK [1][-]{section.B.2}{Introduction}{appendix.B}% 97
\BOOKMARK [1][-]{section.B.3}{Implementation}{appendix.B}% 98
\BOOKMARK [1][-]{section.B.4}{Available Features}{appendix.B}% 99
\BOOKMARK [2][-]{subsection.B.4.1}{Features}{section.B.4}% 100
\BOOKMARK [2][-]{subsection.B.4.2}{Use cases}{section.B.4}% 101
\BOOKMARK [2][-]{subsection.B.4.3}{Documentation}{section.B.4}% 102
\BOOKMARK [2][-]{subsection.B.4.4}{Future Directions}{section.B.4}% 103
